2019-06-25 15:50:43,712 [INFO] [main] com.ddc.server.DDCServerApplication [StartupInfoLogger.java : 50] Starting DDCServerApplication on DESKTOP-F7VNBRJ with PID 3312 (started by Dimo in F:\javaweb课程设计\109+xpp_clone\109-xpp\ddc-parent)
2019-06-25 15:50:43,719 [INFO] [main] com.ddc.server.DDCServerApplication [SpringApplication.java : 675] No active profile set, falling back to default profiles: default
2019-06-25 15:50:44,859 [INFO] [main] o.s.c.s.PostProcessorRegistrationDelegate$BeanPostProcessorChecker [PostProcessorRegistrationDelegate.java : 330] Bean 'transactionalConfig' of type [com.ddc.server.config.db.TransactionalConfig$$EnhancerBySpringCGLIB$$d89191b9] is not eligible for getting processed by all BeanPostProcessors (for example: not eligible for auto-proxying)
2019-06-25 15:50:44,948 [INFO] [main] o.s.c.s.PostProcessorRegistrationDelegate$BeanPostProcessorChecker [PostProcessorRegistrationDelegate.java : 330] Bean 'org.springframework.transaction.annotation.ProxyTransactionManagementConfiguration' of type [org.springframework.transaction.annotation.ProxyTransactionManagementConfiguration$$EnhancerBySpringCGLIB$$f9180180] is not eligible for getting processed by all BeanPostProcessors (for example: not eligible for auto-proxying)
2019-06-25 15:50:44,964 [INFO] [main] o.s.c.s.PostProcessorRegistrationDelegate$BeanPostProcessorChecker [PostProcessorRegistrationDelegate.java : 330] Bean 'shiroConfig' of type [com.ddc.server.shiro.ShiroConfig$$EnhancerBySpringCGLIB$$8abae148] is not eligible for getting processed by all BeanPostProcessors (for example: not eligible for auto-proxying)
2019-06-25 15:50:44,976 [INFO] [main] o.s.c.s.PostProcessorRegistrationDelegate$BeanPostProcessorChecker [PostProcessorRegistrationDelegate.java : 330] Bean 'hashedCredentialsMatcher' of type [org.apache.shiro.authc.credential.HashedCredentialsMatcher] is not eligible for getting processed by all BeanPostProcessors (for example: not eligible for auto-proxying)
2019-06-25 15:50:44,981 [INFO] [main] o.s.c.s.PostProcessorRegistrationDelegate$BeanPostProcessorChecker [PostProcessorRegistrationDelegate.java : 330] Bean 'myRealm' of type [com.ddc.server.shiro.MyRealm] is not eligible for getting processed by all BeanPostProcessors (for example: not eligible for auto-proxying)
2019-06-25 15:50:45,277 [INFO] [main] o.s.c.s.PostProcessorRegistrationDelegate$BeanPostProcessorChecker [PostProcessorRegistrationDelegate.java : 330] Bean 'securityManager' of type [org.apache.shiro.web.mgt.DefaultWebSecurityManager] is not eligible for getting processed by all BeanPostProcessors (for example: not eligible for auto-proxying)
2019-06-25 15:50:45,283 [INFO] [main] o.s.c.s.PostProcessorRegistrationDelegate$BeanPostProcessorChecker [PostProcessorRegistrationDelegate.java : 330] Bean 'org.springframework.hateoas.config.HateoasConfiguration' of type [org.springframework.hateoas.config.HateoasConfiguration$$EnhancerBySpringCGLIB$$78984eb2] is not eligible for getting processed by all BeanPostProcessors (for example: not eligible for auto-proxying)
2019-06-25 15:50:45,567 [INFO] [main] org.springframework.boot.web.embedded.tomcat.TomcatWebServer [TomcatWebServer.java : 90] Tomcat initialized with port(s): 8082 (http)
2019-06-25 15:50:45,584 [INFO] [main] org.apache.catalina.core.StandardService [DirectJDKLog.java : 173] Starting service [Tomcat]
2019-06-25 15:50:45,584 [INFO] [main] org.apache.catalina.core.StandardEngine [DirectJDKLog.java : 173] Starting Servlet engine: [Apache Tomcat/9.0.19]
2019-06-25 15:50:45,827 [INFO] [main] org.apache.jasper.servlet.TldScanner [DirectJDKLog.java : 173] At least one JAR was scanned for TLDs yet contained no TLDs. Enable debug logging for this logger for a complete list of JARs that were scanned but no TLDs were found in them. Skipping unneeded JARs during scanning can improve startup time and JSP compilation time.
2019-06-25 15:50:45,832 [INFO] [main] o.a.catalina.core.ContainerBase.[Tomcat].[localhost].[/] [DirectJDKLog.java : 173] Initializing Spring embedded WebApplicationContext
2019-06-25 15:50:45,832 [INFO] [main] org.springframework.web.context.ContextLoader [ServletWebServerApplicationContext.java : 296] Root WebApplicationContext: initialization completed in 2055 ms
2019-06-25 15:50:47,154 [INFO] [main] com.alibaba.druid.pool.DruidDataSource [DruidDataSource.java : 932] {dataSource-1} inited
2019-06-25 15:50:47,689 [INFO] [main] o.s.scheduling.concurrent.ThreadPoolTaskExecutor [ExecutorConfigurationSupport.java : 171] Initializing ExecutorService 'taskExecutor'
2019-06-25 15:50:47,693 [INFO] [main] o.s.scheduling.concurrent.ThreadPoolTaskExecutor [ExecutorConfigurationSupport.java : 171] Initializing ExecutorService
2019-06-25 15:50:47,693 [INFO] [main] o.s.scheduling.concurrent.ThreadPoolTaskExecutor [ExecutorConfigurationSupport.java : 171] Initializing ExecutorService 'taskAsyncPool'
2019-06-25 15:50:47,981 [INFO] [main] o.s.boot.autoconfigure.web.servlet.WelcomePageHandlerMapping [WelcomePageHandlerMapping.java : 61] Adding welcome page template: index
2019-06-25 15:50:48,276 [ERROR] [main] org.apache.catalina.util.LifecycleBase [DirectJDKLog.java : 175] Failed to start component [Connector[HTTP/1.1-8082]]
org.apache.catalina.LifecycleException: Protocol handler start failed
	at org.apache.catalina.connector.Connector.startInternal(Connector.java:1008)
	at org.apache.catalina.util.LifecycleBase.start(LifecycleBase.java:183)
	at org.apache.catalina.core.StandardService.addConnector(StandardService.java:226)
	at org.springframework.boot.web.embedded.tomcat.TomcatWebServer.addPreviouslyRemovedConnectors(TomcatWebServer.java:259)
	at org.springframework.boot.web.embedded.tomcat.TomcatWebServer.start(TomcatWebServer.java:197)
	at org.springframework.boot.web.servlet.context.ServletWebServerApplicationContext.startWebServer(ServletWebServerApplicationContext.java:311)
	at org.springframework.boot.web.servlet.context.ServletWebServerApplicationContext.finishRefresh(ServletWebServerApplicationContext.java:164)
	at org.springframework.context.support.AbstractApplicationContext.refresh(AbstractApplicationContext.java:552)
	at org.springframework.boot.web.servlet.context.ServletWebServerApplicationContext.refresh(ServletWebServerApplicationContext.java:142)
	at org.springframework.boot.SpringApplication.refresh(SpringApplication.java:775)
	at org.springframework.boot.SpringApplication.refreshContext(SpringApplication.java:397)
	at org.springframework.boot.SpringApplication.run(SpringApplication.java:316)
	at org.springframework.boot.SpringApplication.run(SpringApplication.java:1260)
	at org.springframework.boot.SpringApplication.run(SpringApplication.java:1248)
	at com.ddc.server.DDCServerApplication.main(DDCServerApplication.java:23)
Caused by: java.net.BindException: Address already in use: bind
	at sun.nio.ch.Net.bind0(Native Method)
	at sun.nio.ch.Net.bind(Net.java:433)
	at sun.nio.ch.Net.bind(Net.java:425)
	at sun.nio.ch.ServerSocketChannelImpl.bind(ServerSocketChannelImpl.java:223)
	at sun.nio.ch.ServerSocketAdaptor.bind(ServerSocketAdaptor.java:74)
	at org.apache.tomcat.util.net.NioEndpoint.initServerSocket(NioEndpoint.java:239)
	at org.apache.tomcat.util.net.NioEndpoint.bind(NioEndpoint.java:213)
	at org.apache.tomcat.util.net.AbstractEndpoint.bindWithCleanup(AbstractEndpoint.java:1116)
	at org.apache.tomcat.util.net.AbstractEndpoint.start(AbstractEndpoint.java:1202)
	at org.apache.coyote.AbstractProtocol.start(AbstractProtocol.java:568)
	at org.apache.catalina.connector.Connector.startInternal(Connector.java:1005)
	... 14 common frames omitted
2019-06-25 15:50:48,288 [INFO] [main] org.apache.catalina.core.StandardService [DirectJDKLog.java : 173] Stopping service [Tomcat]
2019-06-25 15:50:48,296 [INFO] [main] o.s.b.a.logging.ConditionEvaluationReportLoggingListener [ConditionEvaluationReportLoggingListener.java : 142] 

Error starting ApplicationContext. To display the conditions report re-run your application with 'debug' enabled.
2019-06-25 15:50:48,301 [ERROR] [main] o.s.boot.diagnostics.LoggingFailureAnalysisReporter [LoggingFailureAnalysisReporter.java : 42] 

***************************
APPLICATION FAILED TO START
***************************

Description:

The Tomcat connector configured to listen on port 8082 failed to start. The port may already be in use or the connector may be misconfigured.

Action:

Verify the connector's configuration, identify and stop any process that's listening on port 8082, or configure this application to listen on another port.

2019-06-25 15:50:48,304 [INFO] [main] o.s.scheduling.concurrent.ThreadPoolTaskExecutor [ExecutorConfigurationSupport.java : 208] Shutting down ExecutorService 'taskAsyncPool'
2019-06-25 15:50:48,304 [INFO] [main] o.s.scheduling.concurrent.ThreadPoolTaskExecutor [ExecutorConfigurationSupport.java : 208] Shutting down ExecutorService 'taskExecutor'
2019-06-25 15:50:48,307 [INFO] [main] com.alibaba.druid.pool.DruidDataSource [DruidDataSource.java : 1712] {dataSource-1} closed
2019-06-25 15:51:57,153 [INFO] [main] com.ddc.server.DDCServerApplication [StartupInfoLogger.java : 50] Starting DDCServerApplication on DESKTOP-F7VNBRJ with PID 12480 (started by Dimo in F:\javaweb课程设计\109+xpp_clone\109-xpp\ddc-parent)
2019-06-25 15:51:57,158 [INFO] [main] com.ddc.server.DDCServerApplication [SpringApplication.java : 675] No active profile set, falling back to default profiles: default
2019-06-25 15:51:58,419 [INFO] [main] o.s.c.s.PostProcessorRegistrationDelegate$BeanPostProcessorChecker [PostProcessorRegistrationDelegate.java : 330] Bean 'transactionalConfig' of type [com.ddc.server.config.db.TransactionalConfig$$EnhancerBySpringCGLIB$$55dfee95] is not eligible for getting processed by all BeanPostProcessors (for example: not eligible for auto-proxying)
2019-06-25 15:51:58,505 [INFO] [main] o.s.c.s.PostProcessorRegistrationDelegate$BeanPostProcessorChecker [PostProcessorRegistrationDelegate.java : 330] Bean 'org.springframework.transaction.annotation.ProxyTransactionManagementConfiguration' of type [org.springframework.transaction.annotation.ProxyTransactionManagementConfiguration$$EnhancerBySpringCGLIB$$76665e5c] is not eligible for getting processed by all BeanPostProcessors (for example: not eligible for auto-proxying)
2019-06-25 15:51:58,528 [INFO] [main] o.s.c.s.PostProcessorRegistrationDelegate$BeanPostProcessorChecker [PostProcessorRegistrationDelegate.java : 330] Bean 'shiroConfig' of type [com.ddc.server.shiro.ShiroConfig$$EnhancerBySpringCGLIB$$8093e24] is not eligible for getting processed by all BeanPostProcessors (for example: not eligible for auto-proxying)
2019-06-25 15:51:58,540 [INFO] [main] o.s.c.s.PostProcessorRegistrationDelegate$BeanPostProcessorChecker [PostProcessorRegistrationDelegate.java : 330] Bean 'hashedCredentialsMatcher' of type [org.apache.shiro.authc.credential.HashedCredentialsMatcher] is not eligible for getting processed by all BeanPostProcessors (for example: not eligible for auto-proxying)
2019-06-25 15:51:58,544 [INFO] [main] o.s.c.s.PostProcessorRegistrationDelegate$BeanPostProcessorChecker [PostProcessorRegistrationDelegate.java : 330] Bean 'myRealm' of type [com.ddc.server.shiro.MyRealm] is not eligible for getting processed by all BeanPostProcessors (for example: not eligible for auto-proxying)
2019-06-25 15:51:58,842 [INFO] [main] o.s.c.s.PostProcessorRegistrationDelegate$BeanPostProcessorChecker [PostProcessorRegistrationDelegate.java : 330] Bean 'securityManager' of type [org.apache.shiro.web.mgt.DefaultWebSecurityManager] is not eligible for getting processed by all BeanPostProcessors (for example: not eligible for auto-proxying)
2019-06-25 15:51:58,849 [INFO] [main] o.s.c.s.PostProcessorRegistrationDelegate$BeanPostProcessorChecker [PostProcessorRegistrationDelegate.java : 330] Bean 'org.springframework.hateoas.config.HateoasConfiguration' of type [org.springframework.hateoas.config.HateoasConfiguration$$EnhancerBySpringCGLIB$$f5e6ab8e] is not eligible for getting processed by all BeanPostProcessors (for example: not eligible for auto-proxying)
2019-06-25 15:51:59,116 [INFO] [main] org.springframework.boot.web.embedded.tomcat.TomcatWebServer [TomcatWebServer.java : 90] Tomcat initialized with port(s): 8081 (http)
2019-06-25 15:51:59,136 [INFO] [main] org.apache.catalina.core.StandardService [DirectJDKLog.java : 173] Starting service [Tomcat]
2019-06-25 15:51:59,136 [INFO] [main] org.apache.catalina.core.StandardEngine [DirectJDKLog.java : 173] Starting Servlet engine: [Apache Tomcat/9.0.19]
2019-06-25 15:51:59,386 [INFO] [main] org.apache.jasper.servlet.TldScanner [DirectJDKLog.java : 173] At least one JAR was scanned for TLDs yet contained no TLDs. Enable debug logging for this logger for a complete list of JARs that were scanned but no TLDs were found in them. Skipping unneeded JARs during scanning can improve startup time and JSP compilation time.
2019-06-25 15:51:59,390 [INFO] [main] o.a.catalina.core.ContainerBase.[Tomcat].[localhost].[/] [DirectJDKLog.java : 173] Initializing Spring embedded WebApplicationContext
2019-06-25 15:51:59,390 [INFO] [main] org.springframework.web.context.ContextLoader [ServletWebServerApplicationContext.java : 296] Root WebApplicationContext: initialization completed in 2173 ms
2019-06-25 15:52:00,280 [INFO] [main] com.alibaba.druid.pool.DruidDataSource [DruidDataSource.java : 932] {dataSource-1} inited
2019-06-25 15:52:00,731 [INFO] [main] o.s.scheduling.concurrent.ThreadPoolTaskExecutor [ExecutorConfigurationSupport.java : 171] Initializing ExecutorService 'taskExecutor'
2019-06-25 15:52:00,734 [INFO] [main] o.s.scheduling.concurrent.ThreadPoolTaskExecutor [ExecutorConfigurationSupport.java : 171] Initializing ExecutorService
2019-06-25 15:52:00,735 [INFO] [main] o.s.scheduling.concurrent.ThreadPoolTaskExecutor [ExecutorConfigurationSupport.java : 171] Initializing ExecutorService 'taskAsyncPool'
2019-06-25 15:52:00,999 [INFO] [main] o.s.boot.autoconfigure.web.servlet.WelcomePageHandlerMapping [WelcomePageHandlerMapping.java : 61] Adding welcome page template: index
2019-06-25 15:52:01,313 [INFO] [main] org.springframework.boot.web.embedded.tomcat.TomcatWebServer [TomcatWebServer.java : 204] Tomcat started on port(s): 8081 (http) with context path ''
2019-06-25 15:52:01,316 [INFO] [main] com.ddc.server.DDCServerApplication [StartupInfoLogger.java : 59] Started DDCServerApplication in 4.625 seconds (JVM running for 5.336)
2019-06-25 15:52:01,327 [INFO] [main] com.ddc.server.config.web.PassUrlScanner [PassUrlScanner.java : 39] @Pass:[Constant.URLInfo(url=/index, className=com.ddc.server.controller.IndexController, pass=true, method=index, methodType=org.springframework.web.bind.annotation.RequestMapping)]
2019-06-25 15:52:01,327 [INFO] [main] com.ddc.server.config.web.PassUrlScanner [PassUrlScanner.java : 40] @Pass size:1
2019-06-25 15:52:06,832 [INFO] [http-nio-8081-exec-1] o.a.catalina.core.ContainerBase.[Tomcat].[localhost].[/] [DirectJDKLog.java : 173] Initializing Spring DispatcherServlet 'dispatcherServlet'
2019-06-25 15:52:06,833 [INFO] [http-nio-8081-exec-1] org.springframework.web.servlet.DispatcherServlet [FrameworkServlet.java : 524] Initializing Servlet 'dispatcherServlet'
2019-06-25 15:52:06,861 [INFO] [http-nio-8081-exec-1] org.springframework.web.servlet.DispatcherServlet [FrameworkServlet.java : 546] Completed initialization in 28 ms
2019-06-25 15:52:13,178 [DEBUG] [http-nio-8081-exec-2] com.ddc.server.mapper.DDCAdminMapper.selectOne [BaseJdbcLogger.java : 159] ==>  Preparing: SELECT id AS id,`name`,`password`,salt,sex,mobile,email,role_id AS roleId,remark,create_time AS createTime,create_by AS createBy,update_by AS updateBy,update_time AS updateTime,`status`,del_flag AS delFlag FROM ddc_admin WHERE `name`=? 
2019-06-25 15:52:13,297 [DEBUG] [http-nio-8081-exec-2] com.ddc.server.mapper.DDCAdminMapper.selectOne [BaseJdbcLogger.java : 159] ==> Parameters: root(String)
2019-06-25 15:52:13,827 [DEBUG] [http-nio-8081-exec-2] com.ddc.server.mapper.DDCAdminMapper.selectOne [BaseJdbcLogger.java : 159] <==      Total: 1
2019-06-25 15:52:14,073 [INFO] [http-nio-8081-exec-10] com.ddc.server.controller.IndexController [IndexController.java : 31] {"createBy":0,"createTime":1560619499537,"delFlag":0,"email":"hello@qq.com","id":1139946923277545474,"mobile":"13812341234","name":"root","password":"f2f337ace5db36a0f83d726f31eb66ff","roleId":1,"salt":"root_0ba80d42-8f92-4374-85be-fef484195bcc","sex":0,"status":0,"updateBy":0,"updateTime":1560619499537}
2019-06-25 15:52:14,269 [DEBUG] [http-nio-8081-exec-10] com.ddc.server.mapper.DDCAdminMapper.selectOne [BaseJdbcLogger.java : 159] ==>  Preparing: SELECT id AS id,`name`,`password`,salt,sex,mobile,email,role_id AS roleId,remark,create_time AS createTime,create_by AS createBy,update_by AS updateBy,update_time AS updateTime,`status`,del_flag AS delFlag FROM ddc_admin 
2019-06-25 15:52:14,271 [DEBUG] [http-nio-8081-exec-10] com.ddc.server.mapper.DDCAdminMapper.selectOne [BaseJdbcLogger.java : 159] ==> Parameters: 
2019-06-25 15:52:14,273 [DEBUG] [http-nio-8081-exec-10] com.ddc.server.mapper.DDCAdminMapper.selectOne [BaseJdbcLogger.java : 159] <==      Total: 1
2019-06-25 15:52:14,288 [DEBUG] [http-nio-8081-exec-10] com.ddc.server.mapper.DDCRoleAuthMapper.selectList [BaseJdbcLogger.java : 159] ==>  Preparing: SELECT id AS id,role_id AS roleId,auth_id AS authId FROM dcc_role_auth WHERE (role_id = ?) 
2019-06-25 15:52:14,290 [DEBUG] [http-nio-8081-exec-10] com.ddc.server.mapper.DDCRoleAuthMapper.selectList [BaseJdbcLogger.java : 159] ==> Parameters: 1(Long)
2019-06-25 15:52:14,322 [DEBUG] [http-nio-8081-exec-10] com.ddc.server.mapper.DDCRoleAuthMapper.selectList [BaseJdbcLogger.java : 159] <==      Total: 19
2019-06-25 15:52:14,324 [DEBUG] [http-nio-8081-exec-10] com.ddc.server.mapper.DDCAuthMapper.selectById [BaseJdbcLogger.java : 159] ==>  Preparing: SELECT id AS id,`name`,flag,p_id AS pId,`level`,create_time AS createTime,create_by AS createBy,update_by AS updateBy,update_time AS updateTime,del_flag AS delFlag FROM ddc_authority WHERE id=? 
2019-06-25 15:52:14,325 [DEBUG] [http-nio-8081-exec-10] com.ddc.server.mapper.DDCAuthMapper.selectById [BaseJdbcLogger.java : 159] ==> Parameters: 1139936537677512705(Long)
2019-06-25 15:52:14,358 [DEBUG] [http-nio-8081-exec-10] com.ddc.server.mapper.DDCAuthMapper.selectById [BaseJdbcLogger.java : 159] <==      Total: 1
2019-06-25 15:52:14,359 [DEBUG] [http-nio-8081-exec-10] com.ddc.server.mapper.DDCAuthMapper.selectById [BaseJdbcLogger.java : 159] ==>  Preparing: SELECT id AS id,`name`,flag,p_id AS pId,`level`,create_time AS createTime,create_by AS createBy,update_by AS updateBy,update_time AS updateTime,del_flag AS delFlag FROM ddc_authority WHERE id=? 
2019-06-25 15:52:14,359 [DEBUG] [http-nio-8081-exec-10] com.ddc.server.mapper.DDCAuthMapper.selectById [BaseJdbcLogger.java : 159] ==> Parameters: 1139936538944192514(Long)
2019-06-25 15:52:14,361 [DEBUG] [http-nio-8081-exec-10] com.ddc.server.mapper.DDCAuthMapper.selectById [BaseJdbcLogger.java : 159] <==      Total: 1
2019-06-25 15:52:14,362 [DEBUG] [http-nio-8081-exec-10] com.ddc.server.mapper.DDCAuthMapper.selectById [BaseJdbcLogger.java : 159] ==>  Preparing: SELECT id AS id,`name`,flag,p_id AS pId,`level`,create_time AS createTime,create_by AS createBy,update_by AS updateBy,update_time AS updateTime,del_flag AS delFlag FROM ddc_authority WHERE id=? 
2019-06-25 15:52:14,362 [DEBUG] [http-nio-8081-exec-10] com.ddc.server.mapper.DDCAuthMapper.selectById [BaseJdbcLogger.java : 159] ==> Parameters: 1139936539090993153(Long)
2019-06-25 15:52:14,364 [DEBUG] [http-nio-8081-exec-10] com.ddc.server.mapper.DDCAuthMapper.selectById [BaseJdbcLogger.java : 159] <==      Total: 1
2019-06-25 15:52:14,365 [DEBUG] [http-nio-8081-exec-10] com.ddc.server.mapper.DDCAuthMapper.selectById [BaseJdbcLogger.java : 159] ==>  Preparing: SELECT id AS id,`name`,flag,p_id AS pId,`level`,create_time AS createTime,create_by AS createBy,update_by AS updateBy,update_time AS updateTime,del_flag AS delFlag FROM ddc_authority WHERE id=? 
2019-06-25 15:52:14,365 [DEBUG] [http-nio-8081-exec-10] com.ddc.server.mapper.DDCAuthMapper.selectById [BaseJdbcLogger.java : 159] ==> Parameters: 1139936539376205826(Long)
2019-06-25 15:52:14,367 [DEBUG] [http-nio-8081-exec-10] com.ddc.server.mapper.DDCAuthMapper.selectById [BaseJdbcLogger.java : 159] <==      Total: 1
2019-06-25 15:52:14,368 [DEBUG] [http-nio-8081-exec-10] com.ddc.server.mapper.DDCAuthMapper.selectById [BaseJdbcLogger.java : 159] ==>  Preparing: SELECT id AS id,`name`,flag,p_id AS pId,`level`,create_time AS createTime,create_by AS createBy,update_by AS updateBy,update_time AS updateTime,del_flag AS delFlag FROM ddc_authority WHERE id=? 
2019-06-25 15:52:14,369 [DEBUG] [http-nio-8081-exec-10] com.ddc.server.mapper.DDCAuthMapper.selectById [BaseJdbcLogger.java : 159] ==> Parameters: 1139936539653029890(Long)
2019-06-25 15:52:14,371 [DEBUG] [http-nio-8081-exec-10] com.ddc.server.mapper.DDCAuthMapper.selectById [BaseJdbcLogger.java : 159] <==      Total: 1
2019-06-25 15:52:14,372 [DEBUG] [http-nio-8081-exec-10] com.ddc.server.mapper.DDCAuthMapper.selectById [BaseJdbcLogger.java : 159] ==>  Preparing: SELECT id AS id,`name`,flag,p_id AS pId,`level`,create_time AS createTime,create_by AS createBy,update_by AS updateBy,update_time AS updateTime,del_flag AS delFlag FROM ddc_authority WHERE id=? 
2019-06-25 15:52:14,372 [DEBUG] [http-nio-8081-exec-10] com.ddc.server.mapper.DDCAuthMapper.selectById [BaseJdbcLogger.java : 159] ==> Parameters: 1139936539791441922(Long)
2019-06-25 15:52:14,373 [DEBUG] [http-nio-8081-exec-10] com.ddc.server.mapper.DDCAuthMapper.selectById [BaseJdbcLogger.java : 159] <==      Total: 1
2019-06-25 15:52:14,374 [DEBUG] [http-nio-8081-exec-10] com.ddc.server.mapper.DDCAuthMapper.selectById [BaseJdbcLogger.java : 159] ==>  Preparing: SELECT id AS id,`name`,flag,p_id AS pId,`level`,create_time AS createTime,create_by AS createBy,update_by AS updateBy,update_time AS updateTime,del_flag AS delFlag FROM ddc_authority WHERE id=? 
2019-06-25 15:52:14,374 [DEBUG] [http-nio-8081-exec-10] com.ddc.server.mapper.DDCAuthMapper.selectById [BaseJdbcLogger.java : 159] ==> Parameters: 1139941078108061698(Long)
2019-06-25 15:52:14,376 [DEBUG] [http-nio-8081-exec-10] com.ddc.server.mapper.DDCAuthMapper.selectById [BaseJdbcLogger.java : 159] <==      Total: 1
2019-06-25 15:52:14,376 [DEBUG] [http-nio-8081-exec-10] com.ddc.server.mapper.DDCAuthMapper.selectById [BaseJdbcLogger.java : 159] ==>  Preparing: SELECT id AS id,`name`,flag,p_id AS pId,`level`,create_time AS createTime,create_by AS createBy,update_by AS updateBy,update_time AS updateTime,del_flag AS delFlag FROM ddc_authority WHERE id=? 
2019-06-25 15:52:14,377 [DEBUG] [http-nio-8081-exec-10] com.ddc.server.mapper.DDCAuthMapper.selectById [BaseJdbcLogger.java : 159] ==> Parameters: 1139941079345381377(Long)
2019-06-25 15:52:14,378 [DEBUG] [http-nio-8081-exec-10] com.ddc.server.mapper.DDCAuthMapper.selectById [BaseJdbcLogger.java : 159] <==      Total: 1
2019-06-25 15:52:14,379 [DEBUG] [http-nio-8081-exec-10] com.ddc.server.mapper.DDCAuthMapper.selectById [BaseJdbcLogger.java : 159] ==>  Preparing: SELECT id AS id,`name`,flag,p_id AS pId,`level`,create_time AS createTime,create_by AS createBy,update_by AS updateBy,update_time AS updateTime,del_flag AS delFlag FROM ddc_authority WHERE id=? 
2019-06-25 15:52:14,380 [DEBUG] [http-nio-8081-exec-10] com.ddc.server.mapper.DDCAuthMapper.selectById [BaseJdbcLogger.java : 159] ==> Parameters: 1139941079458627585(Long)
2019-06-25 15:52:14,381 [DEBUG] [http-nio-8081-exec-10] com.ddc.server.mapper.DDCAuthMapper.selectById [BaseJdbcLogger.java : 159] <==      Total: 1
2019-06-25 15:52:14,382 [DEBUG] [http-nio-8081-exec-10] com.ddc.server.mapper.DDCAuthMapper.selectById [BaseJdbcLogger.java : 159] ==>  Preparing: SELECT id AS id,`name`,flag,p_id AS pId,`level`,create_time AS createTime,create_by AS createBy,update_by AS updateBy,update_time AS updateTime,del_flag AS delFlag FROM ddc_authority WHERE id=? 
2019-06-25 15:52:14,383 [DEBUG] [http-nio-8081-exec-10] com.ddc.server.mapper.DDCAuthMapper.selectById [BaseJdbcLogger.java : 159] ==> Parameters: 1139941079752228866(Long)
2019-06-25 15:52:14,384 [DEBUG] [http-nio-8081-exec-10] com.ddc.server.mapper.DDCAuthMapper.selectById [BaseJdbcLogger.java : 159] <==      Total: 1
2019-06-25 15:52:14,385 [DEBUG] [http-nio-8081-exec-10] com.ddc.server.mapper.DDCAuthMapper.selectById [BaseJdbcLogger.java : 159] ==>  Preparing: SELECT id AS id,`name`,flag,p_id AS pId,`level`,create_time AS createTime,create_by AS createBy,update_by AS updateBy,update_time AS updateTime,del_flag AS delFlag FROM ddc_authority WHERE id=? 
2019-06-25 15:52:14,386 [DEBUG] [http-nio-8081-exec-10] com.ddc.server.mapper.DDCAuthMapper.selectById [BaseJdbcLogger.java : 159] ==> Parameters: 1139941080033247234(Long)
2019-06-25 15:52:14,387 [DEBUG] [http-nio-8081-exec-10] com.ddc.server.mapper.DDCAuthMapper.selectById [BaseJdbcLogger.java : 159] <==      Total: 1
2019-06-25 15:52:14,388 [DEBUG] [http-nio-8081-exec-10] com.ddc.server.mapper.DDCAuthMapper.selectById [BaseJdbcLogger.java : 159] ==>  Preparing: SELECT id AS id,`name`,flag,p_id AS pId,`level`,create_time AS createTime,create_by AS createBy,update_by AS updateBy,update_time AS updateTime,del_flag AS delFlag FROM ddc_authority WHERE id=? 
2019-06-25 15:52:14,388 [DEBUG] [http-nio-8081-exec-10] com.ddc.server.mapper.DDCAuthMapper.selectById [BaseJdbcLogger.java : 159] ==> Parameters: 1139941080171659266(Long)
2019-06-25 15:52:14,390 [DEBUG] [http-nio-8081-exec-10] com.ddc.server.mapper.DDCAuthMapper.selectById [BaseJdbcLogger.java : 159] <==      Total: 1
2019-06-25 15:52:14,391 [DEBUG] [http-nio-8081-exec-10] com.ddc.server.mapper.DDCAuthMapper.selectById [BaseJdbcLogger.java : 159] ==>  Preparing: SELECT id AS id,`name`,flag,p_id AS pId,`level`,create_time AS createTime,create_by AS createBy,update_by AS updateBy,update_time AS updateTime,del_flag AS delFlag FROM ddc_authority WHERE id=? 
2019-06-25 15:52:14,392 [DEBUG] [http-nio-8081-exec-10] com.ddc.server.mapper.DDCAuthMapper.selectById [BaseJdbcLogger.java : 159] ==> Parameters: 1139941080310071298(Long)
2019-06-25 15:52:14,394 [DEBUG] [http-nio-8081-exec-10] com.ddc.server.mapper.DDCAuthMapper.selectById [BaseJdbcLogger.java : 159] <==      Total: 1
2019-06-25 15:52:14,395 [DEBUG] [http-nio-8081-exec-10] com.ddc.server.mapper.DDCAuthMapper.selectById [BaseJdbcLogger.java : 159] ==>  Preparing: SELECT id AS id,`name`,flag,p_id AS pId,`level`,create_time AS createTime,create_by AS createBy,update_by AS updateBy,update_time AS updateTime,del_flag AS delFlag FROM ddc_authority WHERE id=? 
2019-06-25 15:52:14,396 [DEBUG] [http-nio-8081-exec-10] com.ddc.server.mapper.DDCAuthMapper.selectById [BaseJdbcLogger.java : 159] ==> Parameters: 1139941080435900417(Long)
2019-06-25 15:52:14,397 [DEBUG] [http-nio-8081-exec-10] com.ddc.server.mapper.DDCAuthMapper.selectById [BaseJdbcLogger.java : 159] <==      Total: 1
2019-06-25 15:52:14,398 [DEBUG] [http-nio-8081-exec-10] com.ddc.server.mapper.DDCAuthMapper.selectById [BaseJdbcLogger.java : 159] ==>  Preparing: SELECT id AS id,`name`,flag,p_id AS pId,`level`,create_time AS createTime,create_by AS createBy,update_by AS updateBy,update_time AS updateTime,del_flag AS delFlag FROM ddc_authority WHERE id=? 
2019-06-25 15:52:14,399 [DEBUG] [http-nio-8081-exec-10] com.ddc.server.mapper.DDCAuthMapper.selectById [BaseJdbcLogger.java : 159] ==> Parameters: 1139941080591089666(Long)
2019-06-25 15:52:14,401 [DEBUG] [http-nio-8081-exec-10] com.ddc.server.mapper.DDCAuthMapper.selectById [BaseJdbcLogger.java : 159] <==      Total: 1
2019-06-25 15:52:14,402 [DEBUG] [http-nio-8081-exec-10] com.ddc.server.mapper.DDCAuthMapper.selectById [BaseJdbcLogger.java : 159] ==>  Preparing: SELECT id AS id,`name`,flag,p_id AS pId,`level`,create_time AS createTime,create_by AS createBy,update_by AS updateBy,update_time AS updateTime,del_flag AS delFlag FROM ddc_authority WHERE id=? 
2019-06-25 15:52:14,402 [DEBUG] [http-nio-8081-exec-10] com.ddc.server.mapper.DDCAuthMapper.selectById [BaseJdbcLogger.java : 159] ==> Parameters: 1139941080721113089(Long)
2019-06-25 15:52:14,405 [DEBUG] [http-nio-8081-exec-10] com.ddc.server.mapper.DDCAuthMapper.selectById [BaseJdbcLogger.java : 159] <==      Total: 1
2019-06-25 15:52:14,405 [DEBUG] [http-nio-8081-exec-10] com.ddc.server.mapper.DDCAuthMapper.selectById [BaseJdbcLogger.java : 159] ==>  Preparing: SELECT id AS id,`name`,flag,p_id AS pId,`level`,create_time AS createTime,create_by AS createBy,update_by AS updateBy,update_time AS updateTime,del_flag AS delFlag FROM ddc_authority WHERE id=? 
2019-06-25 15:52:14,406 [DEBUG] [http-nio-8081-exec-10] com.ddc.server.mapper.DDCAuthMapper.selectById [BaseJdbcLogger.java : 159] ==> Parameters: 1139941080872108033(Long)
2019-06-25 15:52:14,407 [DEBUG] [http-nio-8081-exec-10] com.ddc.server.mapper.DDCAuthMapper.selectById [BaseJdbcLogger.java : 159] <==      Total: 1
2019-06-25 15:52:14,408 [DEBUG] [http-nio-8081-exec-10] com.ddc.server.mapper.DDCAuthMapper.selectById [BaseJdbcLogger.java : 159] ==>  Preparing: SELECT id AS id,`name`,flag,p_id AS pId,`level`,create_time AS createTime,create_by AS createBy,update_by AS updateBy,update_time AS updateTime,del_flag AS delFlag FROM ddc_authority WHERE id=? 
2019-06-25 15:52:14,408 [DEBUG] [http-nio-8081-exec-10] com.ddc.server.mapper.DDCAuthMapper.selectById [BaseJdbcLogger.java : 159] ==> Parameters: 1139941080997937154(Long)
2019-06-25 15:52:14,409 [DEBUG] [http-nio-8081-exec-10] com.ddc.server.mapper.DDCAuthMapper.selectById [BaseJdbcLogger.java : 159] <==      Total: 1
2019-06-25 15:52:14,410 [DEBUG] [http-nio-8081-exec-10] com.ddc.server.mapper.DDCAuthMapper.selectById [BaseJdbcLogger.java : 159] ==>  Preparing: SELECT id AS id,`name`,flag,p_id AS pId,`level`,create_time AS createTime,create_by AS createBy,update_by AS updateBy,update_time AS updateTime,del_flag AS delFlag FROM ddc_authority WHERE id=? 
2019-06-25 15:52:14,411 [DEBUG] [http-nio-8081-exec-10] com.ddc.server.mapper.DDCAuthMapper.selectById [BaseJdbcLogger.java : 159] ==> Parameters: 1139941081274761217(Long)
2019-06-25 15:52:14,412 [DEBUG] [http-nio-8081-exec-10] com.ddc.server.mapper.DDCAuthMapper.selectById [BaseJdbcLogger.java : 159] <==      Total: 1
2019-06-25 15:52:17,468 [INFO] [http-nio-8081-exec-4] com.ddc.server.controller.IndexController [IndexController.java : 31] {"createBy":0,"createTime":1560619499537,"delFlag":0,"email":"hello@qq.com","id":1139946923277545474,"mobile":"13812341234","name":"root","password":"f2f337ace5db36a0f83d726f31eb66ff","roleId":1,"salt":"root_0ba80d42-8f92-4374-85be-fef484195bcc","sex":0,"status":0,"updateBy":0,"updateTime":1560619499537}
2019-06-25 15:52:17,890 [DEBUG] [http-nio-8081-exec-1] com.ddc.server.mapper.DDCMemberMapper.selectAll [BaseJdbcLogger.java : 159] ==>  Preparing: select * from user 
2019-06-25 15:52:17,891 [DEBUG] [http-nio-8081-exec-1] com.ddc.server.mapper.DDCMemberMapper.selectAll [BaseJdbcLogger.java : 159] ==> Parameters: 
2019-06-25 15:52:17,960 [DEBUG] [http-nio-8081-exec-1] com.ddc.server.mapper.DDCMemberMapper.selectAll [BaseJdbcLogger.java : 159] <==      Total: 3
